2017-07-04 16:47:14 INFO  NgoManagementSystem:23 - Ngo Managment System initializing...
2017-07-04 16:47:14 INFO  NgoManagementSystem:24 - Initialize Ngo properties
2017-07-04 16:47:17 DEBUG RequestAddCookies:123 - CookieSpec selected: default
2017-07-04 16:47:17 DEBUG RequestAuthCache:77 - Auth cache not set in the context
2017-07-04 16:47:17 DEBUG PoolingHttpClientConnectionManager:255 - Connection request: [route: {}->http://localhost:8080][total kept alive: 0; route allocated: 0 of 2; total allocated: 0 of 20]
2017-07-04 16:47:17 DEBUG PoolingHttpClientConnectionManager:288 - Connection leased: [id: 0][route: {}->http://localhost:8080][total kept alive: 0; route allocated: 1 of 2; total allocated: 1 of 20]
2017-07-04 16:47:17 DEBUG MainClientExec:235 - Opening connection {}->http://localhost:8080
2017-07-04 16:47:17 DEBUG DefaultHttpClientConnectionOperator:139 - Connecting to localhost/127.0.0.1:8080
2017-07-04 16:47:17 DEBUG DefaultHttpClientConnectionOperator:146 - Connection established 127.0.0.1:56141<->127.0.0.1:8080
2017-07-04 16:47:17 DEBUG MainClientExec:256 - Executing request POST /ngo/NgoMainController HTTP/1.1
2017-07-04 16:47:17 DEBUG MainClientExec:261 - Target auth state: UNCHALLENGED
2017-07-04 16:47:17 DEBUG MainClientExec:267 - Proxy auth state: UNCHALLENGED
2017-07-04 16:47:17 DEBUG headers:133 - http-outgoing-0 >> POST /ngo/NgoMainController HTTP/1.1
2017-07-04 16:47:17 DEBUG headers:136 - http-outgoing-0 >> Content-Length: 78
2017-07-04 16:47:17 DEBUG headers:136 - http-outgoing-0 >> Content-Type: application/x-www-form-urlencoded
2017-07-04 16:47:17 DEBUG headers:136 - http-outgoing-0 >> Host: localhost:8080
2017-07-04 16:47:17 DEBUG headers:136 - http-outgoing-0 >> Connection: Keep-Alive
2017-07-04 16:47:17 DEBUG headers:136 - http-outgoing-0 >> User-Agent: Apache-HttpClient/4.5.3 (Java/1.8.0_112)
2017-07-04 16:47:17 DEBUG headers:136 - http-outgoing-0 >> Accept-Encoding: gzip,deflate
2017-07-04 16:47:17 DEBUG wire:73 - http-outgoing-0 >> "POST /ngo/NgoMainController HTTP/1.1[\r][\n]"
2017-07-04 16:47:17 DEBUG wire:73 - http-outgoing-0 >> "Content-Length: 78[\r][\n]"
2017-07-04 16:47:17 DEBUG wire:73 - http-outgoing-0 >> "Content-Type: application/x-www-form-urlencoded[\r][\n]"
2017-07-04 16:47:17 DEBUG wire:73 - http-outgoing-0 >> "Host: localhost:8080[\r][\n]"
2017-07-04 16:47:17 DEBUG wire:73 - http-outgoing-0 >> "Connection: Keep-Alive[\r][\n]"
2017-07-04 16:47:17 DEBUG wire:73 - http-outgoing-0 >> "User-Agent: Apache-HttpClient/4.5.3 (Java/1.8.0_112)[\r][\n]"
2017-07-04 16:47:17 DEBUG wire:73 - http-outgoing-0 >> "Accept-Encoding: gzip,deflate[\r][\n]"
2017-07-04 16:47:17 DEBUG wire:73 - http-outgoing-0 >> "[\r][\n]"
2017-07-04 16:47:17 DEBUG wire:87 - http-outgoing-0 >> "ACTION_TYPE=&HANDLER_NAME=&OBJ=%7B%22id%22%3A1%2C%22empName%22%3A%22Test%22%7D"
2017-07-04 16:47:17 DEBUG wire:73 - http-outgoing-0 << "HTTP/1.1 200 OK[\r][\n]"
2017-07-04 16:47:17 DEBUG wire:73 - http-outgoing-0 << "Server: Apache-Coyote/1.1[\r][\n]"
2017-07-04 16:47:17 DEBUG wire:73 - http-outgoing-0 << "Content-Type: text/text;charset=UTF-8[\r][\n]"
2017-07-04 16:47:17 DEBUG wire:73 - http-outgoing-0 << "Content-Length: 6[\r][\n]"
2017-07-04 16:47:17 DEBUG wire:73 - http-outgoing-0 << "Date: Tue, 04 Jul 2017 11:17:17 GMT[\r][\n]"
2017-07-04 16:47:17 DEBUG wire:73 - http-outgoing-0 << "[\r][\n]"
2017-07-04 16:47:17 DEBUG wire:87 - http-outgoing-0 << "1 Test"
2017-07-04 16:47:17 DEBUG headers:122 - http-outgoing-0 << HTTP/1.1 200 OK
2017-07-04 16:47:17 DEBUG headers:125 - http-outgoing-0 << Server: Apache-Coyote/1.1
2017-07-04 16:47:17 DEBUG headers:125 - http-outgoing-0 << Content-Type: text/text;charset=UTF-8
2017-07-04 16:47:17 DEBUG headers:125 - http-outgoing-0 << Content-Length: 6
2017-07-04 16:47:17 DEBUG headers:125 - http-outgoing-0 << Date: Tue, 04 Jul 2017 11:17:17 GMT
2017-07-04 16:47:17 DEBUG MainClientExec:285 - Connection can be kept alive indefinitely
2017-07-04 16:47:17 DEBUG PoolingHttpClientConnectionManager:320 - Connection [id: 0][route: {}->http://localhost:8080] can be kept alive indefinitely
2017-07-04 16:47:17 DEBUG PoolingHttpClientConnectionManager:326 - Connection released: [id: 0][route: {}->http://localhost:8080][total kept alive: 1; route allocated: 1 of 2; total allocated: 1 of 20]
