04-07-2017 16:49:09 INFO  NgoManagementSystem:23 - Ngo Managment System initializing...
04-07-2017 16:49:09 INFO  NgoManagementSystem:24 - Initialize Ngo properties
04-07-2017 16:49:13 DEBUG RequestAddCookies:123 - CookieSpec selected: default
04-07-2017 16:49:13 DEBUG RequestAuthCache:77 - Auth cache not set in the context
04-07-2017 16:49:13 DEBUG PoolingHttpClientConnectionManager:255 - Connection request: [route: {}->http://localhost:8080][total kept alive: 0; route allocated: 0 of 2; total allocated: 0 of 20]
04-07-2017 16:49:13 DEBUG PoolingHttpClientConnectionManager:288 - Connection leased: [id: 0][route: {}->http://localhost:8080][total kept alive: 0; route allocated: 1 of 2; total allocated: 1 of 20]
04-07-2017 16:49:13 DEBUG MainClientExec:235 - Opening connection {}->http://localhost:8080
04-07-2017 16:49:13 DEBUG DefaultHttpClientConnectionOperator:139 - Connecting to localhost/127.0.0.1:8080
04-07-2017 16:49:13 DEBUG DefaultHttpClientConnectionOperator:146 - Connection established 127.0.0.1:56157<->127.0.0.1:8080
04-07-2017 16:49:13 DEBUG MainClientExec:256 - Executing request POST /ngo/NgoMainController HTTP/1.1
04-07-2017 16:49:13 DEBUG MainClientExec:261 - Target auth state: UNCHALLENGED
04-07-2017 16:49:13 DEBUG MainClientExec:267 - Proxy auth state: UNCHALLENGED
04-07-2017 16:49:13 DEBUG headers:133 - http-outgoing-0 >> POST /ngo/NgoMainController HTTP/1.1
04-07-2017 16:49:13 DEBUG headers:136 - http-outgoing-0 >> Content-Length: 78
04-07-2017 16:49:13 DEBUG headers:136 - http-outgoing-0 >> Content-Type: application/x-www-form-urlencoded
04-07-2017 16:49:13 DEBUG headers:136 - http-outgoing-0 >> Host: localhost:8080
04-07-2017 16:49:13 DEBUG headers:136 - http-outgoing-0 >> Connection: Keep-Alive
04-07-2017 16:49:13 DEBUG headers:136 - http-outgoing-0 >> User-Agent: Apache-HttpClient/4.5.3 (Java/1.8.0_112)
04-07-2017 16:49:13 DEBUG headers:136 - http-outgoing-0 >> Accept-Encoding: gzip,deflate
04-07-2017 16:49:13 DEBUG wire:73 - http-outgoing-0 >> "POST /ngo/NgoMainController HTTP/1.1[\r][\n]"
04-07-2017 16:49:13 DEBUG wire:73 - http-outgoing-0 >> "Content-Length: 78[\r][\n]"
04-07-2017 16:49:13 DEBUG wire:73 - http-outgoing-0 >> "Content-Type: application/x-www-form-urlencoded[\r][\n]"
04-07-2017 16:49:13 DEBUG wire:73 - http-outgoing-0 >> "Host: localhost:8080[\r][\n]"
04-07-2017 16:49:13 DEBUG wire:73 - http-outgoing-0 >> "Connection: Keep-Alive[\r][\n]"
04-07-2017 16:49:13 DEBUG wire:73 - http-outgoing-0 >> "User-Agent: Apache-HttpClient/4.5.3 (Java/1.8.0_112)[\r][\n]"
04-07-2017 16:49:13 DEBUG wire:73 - http-outgoing-0 >> "Accept-Encoding: gzip,deflate[\r][\n]"
04-07-2017 16:49:13 DEBUG wire:73 - http-outgoing-0 >> "[\r][\n]"
04-07-2017 16:49:13 DEBUG wire:87 - http-outgoing-0 >> "ACTION_TYPE=&HANDLER_NAME=&OBJ=%7B%22id%22%3A1%2C%22empName%22%3A%22Test%22%7D"
04-07-2017 16:49:13 DEBUG wire:73 - http-outgoing-0 << "HTTP/1.1 200 OK[\r][\n]"
04-07-2017 16:49:13 DEBUG wire:73 - http-outgoing-0 << "Server: Apache-Coyote/1.1[\r][\n]"
04-07-2017 16:49:13 DEBUG wire:73 - http-outgoing-0 << "Content-Type: text/text;charset=UTF-8[\r][\n]"
04-07-2017 16:49:13 DEBUG wire:73 - http-outgoing-0 << "Content-Length: 6[\r][\n]"
04-07-2017 16:49:13 DEBUG wire:73 - http-outgoing-0 << "Date: Tue, 04 Jul 2017 11:19:13 GMT[\r][\n]"
04-07-2017 16:49:13 DEBUG wire:73 - http-outgoing-0 << "[\r][\n]"
04-07-2017 16:49:13 DEBUG wire:87 - http-outgoing-0 << "1 Test"
04-07-2017 16:49:13 DEBUG headers:122 - http-outgoing-0 << HTTP/1.1 200 OK
04-07-2017 16:49:13 DEBUG headers:125 - http-outgoing-0 << Server: Apache-Coyote/1.1
04-07-2017 16:49:13 DEBUG headers:125 - http-outgoing-0 << Content-Type: text/text;charset=UTF-8
04-07-2017 16:49:13 DEBUG headers:125 - http-outgoing-0 << Content-Length: 6
04-07-2017 16:49:13 DEBUG headers:125 - http-outgoing-0 << Date: Tue, 04 Jul 2017 11:19:13 GMT
04-07-2017 16:49:13 DEBUG MainClientExec:285 - Connection can be kept alive indefinitely
04-07-2017 16:49:13 DEBUG PoolingHttpClientConnectionManager:320 - Connection [id: 0][route: {}->http://localhost:8080] can be kept alive indefinitely
04-07-2017 16:49:13 DEBUG PoolingHttpClientConnectionManager:326 - Connection released: [id: 0][route: {}->http://localhost:8080][total kept alive: 1; route allocated: 1 of 2; total allocated: 1 of 20]
04-07-2017 16:57:41 INFO  NgoManagementSystem:23 - Ngo Managment System initializing...
04-07-2017 16:57:41 INFO  NgoManagementSystem:24 - Initialize Ngo properties
04-07-2017 16:57:41 DEBUG NgoTimeProfiler:29 - PropertyLoader task completed in 20 ms.
04-07-2017 16:57:44 DEBUG RequestAddCookies:123 - CookieSpec selected: default
04-07-2017 16:57:44 DEBUG RequestAuthCache:77 - Auth cache not set in the context
04-07-2017 16:57:44 DEBUG PoolingHttpClientConnectionManager:255 - Connection request: [route: {}->http://localhost:8080][total kept alive: 0; route allocated: 0 of 2; total allocated: 0 of 20]
04-07-2017 16:57:44 DEBUG PoolingHttpClientConnectionManager:288 - Connection leased: [id: 0][route: {}->http://localhost:8080][total kept alive: 0; route allocated: 1 of 2; total allocated: 1 of 20]
04-07-2017 16:57:44 DEBUG MainClientExec:235 - Opening connection {}->http://localhost:8080
04-07-2017 16:57:44 DEBUG DefaultHttpClientConnectionOperator:139 - Connecting to localhost/127.0.0.1:8080
04-07-2017 16:57:44 DEBUG DefaultHttpClientConnectionOperator:146 - Connection established 127.0.0.1:56161<->127.0.0.1:8080
04-07-2017 16:57:44 DEBUG MainClientExec:256 - Executing request POST /ngo/NgoMainController HTTP/1.1
04-07-2017 16:57:44 DEBUG MainClientExec:261 - Target auth state: UNCHALLENGED
04-07-2017 16:57:44 DEBUG MainClientExec:267 - Proxy auth state: UNCHALLENGED
04-07-2017 16:57:44 DEBUG headers:133 - http-outgoing-0 >> POST /ngo/NgoMainController HTTP/1.1
04-07-2017 16:57:44 DEBUG headers:136 - http-outgoing-0 >> Content-Length: 78
04-07-2017 16:57:44 DEBUG headers:136 - http-outgoing-0 >> Content-Type: application/x-www-form-urlencoded
04-07-2017 16:57:44 DEBUG headers:136 - http-outgoing-0 >> Host: localhost:8080
04-07-2017 16:57:44 DEBUG headers:136 - http-outgoing-0 >> Connection: Keep-Alive
04-07-2017 16:57:44 DEBUG headers:136 - http-outgoing-0 >> User-Agent: Apache-HttpClient/4.5.3 (Java/1.8.0_112)
04-07-2017 16:57:44 DEBUG headers:136 - http-outgoing-0 >> Accept-Encoding: gzip,deflate
04-07-2017 16:57:44 DEBUG wire:73 - http-outgoing-0 >> "POST /ngo/NgoMainController HTTP/1.1[\r][\n]"
04-07-2017 16:57:44 DEBUG wire:73 - http-outgoing-0 >> "Content-Length: 78[\r][\n]"
04-07-2017 16:57:44 DEBUG wire:73 - http-outgoing-0 >> "Content-Type: application/x-www-form-urlencoded[\r][\n]"
04-07-2017 16:57:44 DEBUG wire:73 - http-outgoing-0 >> "Host: localhost:8080[\r][\n]"
04-07-2017 16:57:44 DEBUG wire:73 - http-outgoing-0 >> "Connection: Keep-Alive[\r][\n]"
04-07-2017 16:57:44 DEBUG wire:73 - http-outgoing-0 >> "User-Agent: Apache-HttpClient/4.5.3 (Java/1.8.0_112)[\r][\n]"
04-07-2017 16:57:44 DEBUG wire:73 - http-outgoing-0 >> "Accept-Encoding: gzip,deflate[\r][\n]"
04-07-2017 16:57:44 DEBUG wire:73 - http-outgoing-0 >> "[\r][\n]"
04-07-2017 16:57:44 DEBUG wire:87 - http-outgoing-0 >> "ACTION_TYPE=&HANDLER_NAME=&OBJ=%7B%22id%22%3A1%2C%22empName%22%3A%22Test%22%7D"
04-07-2017 16:57:44 DEBUG wire:73 - http-outgoing-0 << "HTTP/1.1 200 OK[\r][\n]"
04-07-2017 16:57:44 DEBUG wire:73 - http-outgoing-0 << "Server: Apache-Coyote/1.1[\r][\n]"
04-07-2017 16:57:44 DEBUG wire:73 - http-outgoing-0 << "Content-Type: text/text;charset=UTF-8[\r][\n]"
04-07-2017 16:57:44 DEBUG wire:73 - http-outgoing-0 << "Content-Length: 6[\r][\n]"
04-07-2017 16:57:44 DEBUG wire:73 - http-outgoing-0 << "Date: Tue, 04 Jul 2017 11:27:44 GMT[\r][\n]"
04-07-2017 16:57:44 DEBUG wire:73 - http-outgoing-0 << "[\r][\n]"
04-07-2017 16:57:44 DEBUG wire:87 - http-outgoing-0 << "1 Test"
04-07-2017 16:57:44 DEBUG headers:122 - http-outgoing-0 << HTTP/1.1 200 OK
04-07-2017 16:57:44 DEBUG headers:125 - http-outgoing-0 << Server: Apache-Coyote/1.1
04-07-2017 16:57:44 DEBUG headers:125 - http-outgoing-0 << Content-Type: text/text;charset=UTF-8
04-07-2017 16:57:44 DEBUG headers:125 - http-outgoing-0 << Content-Length: 6
04-07-2017 16:57:44 DEBUG headers:125 - http-outgoing-0 << Date: Tue, 04 Jul 2017 11:27:44 GMT
04-07-2017 16:57:44 DEBUG MainClientExec:285 - Connection can be kept alive indefinitely
04-07-2017 16:57:44 DEBUG PoolingHttpClientConnectionManager:320 - Connection [id: 0][route: {}->http://localhost:8080] can be kept alive indefinitely
04-07-2017 16:57:44 DEBUG PoolingHttpClientConnectionManager:326 - Connection released: [id: 0][route: {}->http://localhost:8080][total kept alive: 1; route allocated: 1 of 2; total allocated: 1 of 20]
04-07-2017 16:57:44 INFO  NgoManagementSystem:31 - Response from server 1 Test
04-07-2017 16:58:22 INFO  NgoManagementSystem:23 - Ngo Managment System initializing...
04-07-2017 16:58:22 INFO  NgoManagementSystem:24 - Initialize Ngo properties
04-07-2017 16:58:22 DEBUG NgoTimeProfiler:29 - PropertyLoader task completed in 19 ms.
04-07-2017 16:58:25 DEBUG RequestAddCookies:123 - CookieSpec selected: default
04-07-2017 16:58:25 DEBUG RequestAuthCache:77 - Auth cache not set in the context
04-07-2017 16:58:25 DEBUG PoolingHttpClientConnectionManager:255 - Connection request: [route: {}->http://localhost:8080][total kept alive: 0; route allocated: 0 of 2; total allocated: 0 of 20]
04-07-2017 16:58:25 DEBUG PoolingHttpClientConnectionManager:288 - Connection leased: [id: 0][route: {}->http://localhost:8080][total kept alive: 0; route allocated: 1 of 2; total allocated: 1 of 20]
04-07-2017 16:58:25 DEBUG MainClientExec:235 - Opening connection {}->http://localhost:8080
04-07-2017 16:58:25 DEBUG DefaultHttpClientConnectionOperator:139 - Connecting to localhost/127.0.0.1:8080
04-07-2017 16:58:25 DEBUG DefaultHttpClientConnectionOperator:146 - Connection established 127.0.0.1:56168<->127.0.0.1:8080
04-07-2017 16:58:25 DEBUG MainClientExec:256 - Executing request POST /ngo/NgoMainController HTTP/1.1
04-07-2017 16:58:25 DEBUG MainClientExec:261 - Target auth state: UNCHALLENGED
04-07-2017 16:58:25 DEBUG MainClientExec:267 - Proxy auth state: UNCHALLENGED
04-07-2017 16:58:25 DEBUG headers:133 - http-outgoing-0 >> POST /ngo/NgoMainController HTTP/1.1
04-07-2017 16:58:25 DEBUG headers:136 - http-outgoing-0 >> Content-Length: 78
04-07-2017 16:58:25 DEBUG headers:136 - http-outgoing-0 >> Content-Type: application/x-www-form-urlencoded
04-07-2017 16:58:25 DEBUG headers:136 - http-outgoing-0 >> Host: localhost:8080
04-07-2017 16:58:25 DEBUG headers:136 - http-outgoing-0 >> Connection: Keep-Alive
04-07-2017 16:58:25 DEBUG headers:136 - http-outgoing-0 >> User-Agent: Apache-HttpClient/4.5.3 (Java/1.8.0_112)
04-07-2017 16:58:25 DEBUG headers:136 - http-outgoing-0 >> Accept-Encoding: gzip,deflate
04-07-2017 16:58:25 DEBUG wire:73 - http-outgoing-0 >> "POST /ngo/NgoMainController HTTP/1.1[\r][\n]"
04-07-2017 16:58:25 DEBUG wire:73 - http-outgoing-0 >> "Content-Length: 78[\r][\n]"
04-07-2017 16:58:25 DEBUG wire:73 - http-outgoing-0 >> "Content-Type: application/x-www-form-urlencoded[\r][\n]"
04-07-2017 16:58:25 DEBUG wire:73 - http-outgoing-0 >> "Host: localhost:8080[\r][\n]"
04-07-2017 16:58:25 DEBUG wire:73 - http-outgoing-0 >> "Connection: Keep-Alive[\r][\n]"
04-07-2017 16:58:25 DEBUG wire:73 - http-outgoing-0 >> "User-Agent: Apache-HttpClient/4.5.3 (Java/1.8.0_112)[\r][\n]"
04-07-2017 16:58:25 DEBUG wire:73 - http-outgoing-0 >> "Accept-Encoding: gzip,deflate[\r][\n]"
04-07-2017 16:58:25 DEBUG wire:73 - http-outgoing-0 >> "[\r][\n]"
04-07-2017 16:58:25 DEBUG wire:87 - http-outgoing-0 >> "ACTION_TYPE=&HANDLER_NAME=&OBJ=%7B%22id%22%3A1%2C%22empName%22%3A%22Test%22%7D"
04-07-2017 16:58:25 DEBUG wire:73 - http-outgoing-0 << "HTTP/1.1 200 OK[\r][\n]"
04-07-2017 16:58:25 DEBUG wire:73 - http-outgoing-0 << "Server: Apache-Coyote/1.1[\r][\n]"
04-07-2017 16:58:25 DEBUG wire:73 - http-outgoing-0 << "Content-Type: text/text;charset=UTF-8[\r][\n]"
04-07-2017 16:58:25 DEBUG wire:73 - http-outgoing-0 << "Content-Length: 6[\r][\n]"
04-07-2017 16:58:25 DEBUG wire:73 - http-outgoing-0 << "Date: Tue, 04 Jul 2017 11:28:25 GMT[\r][\n]"
04-07-2017 16:58:25 DEBUG wire:73 - http-outgoing-0 << "[\r][\n]"
04-07-2017 16:58:25 DEBUG wire:87 - http-outgoing-0 << "1 Test"
04-07-2017 16:58:25 DEBUG headers:122 - http-outgoing-0 << HTTP/1.1 200 OK
04-07-2017 16:58:25 DEBUG headers:125 - http-outgoing-0 << Server: Apache-Coyote/1.1
04-07-2017 16:58:25 DEBUG headers:125 - http-outgoing-0 << Content-Type: text/text;charset=UTF-8
04-07-2017 16:58:25 DEBUG headers:125 - http-outgoing-0 << Content-Length: 6
04-07-2017 16:58:25 DEBUG headers:125 - http-outgoing-0 << Date: Tue, 04 Jul 2017 11:28:25 GMT
04-07-2017 16:58:25 DEBUG MainClientExec:285 - Connection can be kept alive indefinitely
04-07-2017 16:58:25 DEBUG PoolingHttpClientConnectionManager:320 - Connection [id: 0][route: {}->http://localhost:8080] can be kept alive indefinitely
04-07-2017 16:58:25 DEBUG PoolingHttpClientConnectionManager:326 - Connection released: [id: 0][route: {}->http://localhost:8080][total kept alive: 1; route allocated: 1 of 2; total allocated: 1 of 20]
04-07-2017 16:58:25 INFO  NgoManagementSystem:31 - Response from server 1 Test
04-07-2017 16:59:30 INFO  NgoManagementSystem:23 - Ngo Managment System initializing...
04-07-2017 16:59:30 INFO  NgoManagementSystem:24 - Initialize Ngo properties
04-07-2017 16:59:34 INFO  NgoManagementSystem:31 - Response from server 1 Test
04-07-2017 17:00:25 INFO  NgoManagementSystem:23 - Ngo Managment System initializing...
04-07-2017 17:00:25 INFO  NgoManagementSystem:24 - Initialize Ngo properties
